
> oddengine-ui@10.17.5 build
> node ./node_modules/vite/bin/vite.js build

[36mvite v5.4.21 [32mbuilding for production...[36m[39m
transforming...
[32m✓[39m 82 modules transformed.
rendering chunks...
computing gzip size...
[2mdist/[22m[32mindex.html                          [39m[1m[2m    1.20 kB[22m[1m[22m[2m │ gzip:  0.52 kB[22m
[2mdist/[22m[2massets/[22m[32mfairlyodd-logo-0me9doSN.png  [39m[1m[2m3,737.42 kB[22m[1m[22m
[2mdist/[22m[2massets/[22m[35mindex-DOONPy8s.css           [39m[1m[2m   16.96 kB[22m[1m[22m[2m │ gzip:  4.53 kB[22m
[2mdist/[22m[2massets/[22m[36mgenerators-C2GWNMmG.js       [39m[1m[2m    2.49 kB[22m[1m[22m[2m │ gzip:  1.00 kB[22m
[2mdist/[22m[2massets/[22m[36mBuilder-jwSoy9EW.js          [39m[1m[2m    3.08 kB[22m[1m[22m[2m │ gzip:  1.16 kB[22m
[2mdist/[22m[2massets/[22m[36mAutopilot-B_Zxwcg2.js        [39m[1m[2m    3.36 kB[22m[1m[22m[2m │ gzip:  1.46 kB[22m
[2mdist/[22m[2massets/[22m[36mDevEngine-BFCCoaYE.js        [39m[1m[2m    3.83 kB[22m[1m[22m[2m │ gzip:  1.58 kB[22m
[2mdist/[22m[2massets/[22m[36mSecurity-D38knMj8.js         [39m[1m[2m    4.03 kB[22m[1m[22m[2m │ gzip:  1.58 kB[22m
[2mdist/[22m[2massets/[22m[36mvendor-DYLXRpC5.js           [39m[1m[2m    4.10 kB[22m[1m[22m[2m │ gzip:  1.78 kB[22m
[2mdist/[22m[2massets/[22m[36mOptionsSaaS-DyiKN4La.js      [39m[1m[2m    5.39 kB[22m[1m[22m[2m │ gzip:  1.63 kB[22m
[2mdist/[22m[2massets/[22m[36mMoney-ROVL6XIM.js            [39m[1m[2m    6.41 kB[22m[1m[22m[2m │ gzip:  2.14 kB[22m
[2mdist/[22m[2massets/[22m[36mHappyHealthy-B9PcG5on.js     [39m[1m[2m    7.24 kB[22m[1m[22m[2m │ gzip:  2.49 kB[22m
[2mdist/[22m[2massets/[22m[36mCameras-BIn8wkz7.js          [39m[1m[2m    7.64 kB[22m[1m[22m[2m │ gzip:  2.61 kB[22m
[2mdist/[22m[2massets/[22m[36mMining-BwxT7mWg.js           [39m[1m[2m    8.83 kB[22m[1m[22m[2m │ gzip:  2.46 kB[22m
[2mdist/[22m[2massets/[22m[36mOddBrain-CPLpFei5.js         [39m[1m[2m   12.64 kB[22m[1m[22m[2m │ gzip:  3.92 kB[22m
[2mdist/[22m[2massets/[22m[36mCryptoGames-C_m8Y4Va.js      [39m[1m[2m   14.32 kB[22m[1m[22m[2m │ gzip:  4.47 kB[22m
[2mdist/[22m[2massets/[22m[36mPreferences-D0bYBiRt.js      [39m[1m[2m   14.66 kB[22m[1m[22m[2m │ gzip:  3.55 kB[22m
[2mdist/[22m[2massets/[22m[36mHomie-Z3akMZfo.js            [39m[1m[2m   14.67 kB[22m[1m[22m[2m │ gzip:  4.88 kB[22m
[2mdist/[22m[2massets/[22m[36mPlugins-BvmEAgVH.js          [39m[1m[2m   15.12 kB[22m[1m[22m[2m │ gzip:  4.13 kB[22m
[2mdist/[22m[2massets/[22m[36mCannabis-CxPyWinA.js         [39m[1m[2m   30.39 kB[22m[1m[22m[2m │ gzip:  8.02 kB[22m
[2mdist/[22m[2massets/[22m[36mindex-V9Kzxa3R.js            [39m[1m[2m   36.43 kB[22m[1m[22m[2m │ gzip: 10.82 kB[22m
[2mdist/[22m[2massets/[22m[36mlife-panels-CPQ6bn1n.js      [39m[1m[2m   49.31 kB[22m[1m[22m[2m │ gzip: 12.99 kB[22m
[2mdist/[22m[2massets/[22m[36mjszip-DUtjJhuv.js            [39m[1m[2m   97.42 kB[22m[1m[22m[2m │ gzip: 30.28 kB[22m
[2mdist/[22m[2massets/[22m[36mreact-vendor-CxeSQ90C.js     [39m[1m[2m  137.77 kB[22m[1m[22m[2m │ gzip: 44.06 kB[22m
[2mdist/[22m[2massets/[22m[36mbrain-core-CFqfoP8o.js       [39m[1m[2m  158.61 kB[22m[1m[22m[2m │ gzip: 41.91 kB[22m
[2mdist/[22m[2massets/[22m[36mops-panels-CAvs-nZf.js       [39m[1m[2m  163.37 kB[22m[1m[22m[2m │ gzip: 42.33 kB[22m
[32m✓ built in 11.58s[39m
